<?xml version="1.0" encoding="UTF-8"?>
<testsuites name="TS_RegressionTest" time="22" tests="1" failures="1" errors="0">
   <testsuite name="TS_RegressionTest" tests="1" failures="1" errors="0" time="22" timestamp="2018-06-26 12:44:10" hostname="wfkostapavlovski - 192.168.2.135" id="Test Suites/TS_RegressionTest">
      <properties>
         <property name="deviceName" value=""/>
         <property name="devicePlatform" value=""/>
         <property name="logFolder" value="/Users/wfkostapavlovski/Katalon Studio/TestJenkins/Reports/TS_RegressionTest/20180626_124408"/>
         <property name="logFiles" value="/Users/wfkostapavlovski/Katalon Studio/TestJenkins/Reports/TS_RegressionTest/20180626_124408/execution0.log"/>
         <property name="attachments" value=""/>
         <property name="hostName" value="wfkostapavlovski - 192.168.2.135"/>
         <property name="os" value="Mac OS X 64bit"/>
         <property name="katalonVersion" value="5.4.2.1"/>
         <property name="browser" value="Chrome 67.0.3396.87"/>
         <property name="hostAddress" value="192.168.2.135"/>
         <property name="sessionId" value="07bff384ce5047c96f048d4baa8e10fc"/>
         <property name="seleniumVersion" value="3.7.1"/>
         <property name="proxyInformation" value="ProxyInformation{proxyOption=NO_PROXY, proxyServerType=HTTP, password=, proxyServerAddress=, proxyServerPort=0}"/>
         <property name="platform" value="Mac OS X"/>
      </properties>
      <testcase name="Test Cases/Main Test Cases/TC1_Verify Successful Login" classname="Test Cases/Main Test Cases/TC1_Verify Successful Login" status="PASSED">
         <system-out><![CDATA[2018-06-26 12:44:11 - [TEST_CASE][PASSED] - Test Cases/Main Test Cases/TC1_Verify Successful Login: Test Cases/Main Test Cases/TC1_Verify Successful Login

2018-06-26 12:44:12 - [TEST_STEP][PASSED] - comment: Story: Login to CURA system

2018-06-26 12:44:12 - [TEST_STEP][PASSED] - comment: Given that the user has the valid login information

2018-06-26 12:44:12 - [TEST_STEP][PASSED] - openBrowser: Browser is opened with url: 'http://demoaut.katalon.com'

2018-06-26 12:44:16 - [MESSAGE][PASSED] - Browser is opened with url: 'http://demoaut.katalon.com'

2018-06-26 12:44:16 - [TEST_STEP][PASSED] - click: Object: 'Object Repository/Page_CuraHomepage/btn_MakeAppointment' is clicked on

2018-06-26 12:44:17 - [MESSAGE][PASSED] - Object: 'Object Repository/Page_CuraHomepage/btn_MakeAppointment' is clicked on

2018-06-26 12:44:17 - [TEST_STEP][PASSED] - setText: Text 'John Doe' is set on object 'Object Repository/Page_Login/txt_UserName'

2018-06-26 12:44:17 - [MESSAGE][PASSED] - Text 'John Doe' is set on object 'Object Repository/Page_Login/txt_UserName'

2018-06-26 12:44:17 - [TEST_STEP][PASSED] - setText: Text 'ThisIsNotAPassword' is set on object 'Object Repository/Page_Login/txt_Password'

2018-06-26 12:44:17 - [MESSAGE][PASSED] - Text 'ThisIsNotAPassword' is set on object 'Object Repository/Page_Login/txt_Password'

2018-06-26 12:44:17 - [TEST_STEP][PASSED] - comment: When he logins to CURA system

2018-06-26 12:44:17 - [TEST_STEP][PASSED] - click: Object: 'Object Repository/Page_Login/btn_Login' is clicked on

2018-06-26 12:44:18 - [MESSAGE][PASSED] - Object: 'Object Repository/Page_Login/btn_Login' is clicked on

2018-06-26 12:44:18 - [TEST_STEP][PASSED] - comment: Then he should be able to login successfully

2018-06-26 12:44:18 - [TEST_STEP][PASSED] - Statement - landingPage = com.kms.katalon.core.webui.keyword.WebUiBuiltInKeywords.verifyElementPresent(com.kms.katalon.core.testobject.ObjectRepository.findTestObject(Page_CuraAppointment/div_Appointment), G_Timeout): Object 'Object Repository/Page_CuraAppointment/div_Appointment' is present

2018-06-26 12:44:18 - [MESSAGE][PASSED] - Object 'Object Repository/Page_CuraAppointment/div_Appointment' is present

2018-06-26 12:44:18 - [TEST_STEP][PASSED] - closeBrowser: Browser is closed

2018-06-26 12:44:18 - [MESSAGE][PASSED] - Browser is closed]]></system-out>
         <system-err><![CDATA[]]></system-err>
      </testcase>
      <testcase name="Test Cases/Main Test Cases/TC2_Verify Successful Appointment" classname="Test Cases/Main Test Cases/TC2_Verify Successful Appointment" status="FAILED">
         <failure type="FAILED" message="Unable to select option by label 'Hongkong CURA Healthcare Center' of object 'Object Repository/Page_CuraAppointment/lst_Facility'  (Root cause: com.kms.katalon.core.webui.exception.BrowserNotOpenedException: Browser is not opened
Build info: version: '3.7.1', revision: '8a0099a', time: '2017-11-06T21:07:36.161Z'
System info: host: 'Kostas-MacBook-Pro.local', ip: '192.168.2.135', os.name: 'Mac OS X', os.arch: 'x86_64', os.version: '10.13.2', java.version: '1.8.0_102'
Driver info: driver.version: unknown)"/>
         <system-out><![CDATA[2018-06-26 12:44:18 - [TEST_CASE][FAILED] - Test Cases/Main Test Cases/TC2_Verify Successful Appointment: Test Cases/Main Test Cases/TC2_Verify Successful Appointment FAILED because (of) Unable to select option by label 'Hongkong CURA Healthcare Center' of object 'Object Repository/Page_CuraAppointment/lst_Facility'  (Root cause: com.kms.katalon.core.webui.exception.BrowserNotOpenedException: Browser is not opened
Build info: version: '3.7.1', revision: '8a0099a', time: '2017-11-06T21:07:36.161Z'
System info: host: 'Kostas-MacBook-Pro.local', ip: '192.168.2.135', os.name: 'Mac OS X', os.arch: 'x86_64', os.version: '10.13.2', java.version: '1.8.0_102'
Driver info: driver.version: unknown)

2018-06-26 12:44:18 - [TEST_STEP][PASSED] - comment: Story: Book an appointment

2018-06-26 12:44:18 - [TEST_STEP][PASSED] - comment: Given that the user has logged into their account

2018-06-26 12:44:18 - [TEST_STEP][PASSED] - openBrowser: Browser is opened with url: 'http://demoaut.katalon.com'

2018-06-26 12:44:21 - [MESSAGE][PASSED] - Browser is opened with url: 'http://demoaut.katalon.com'

2018-06-26 12:44:21 - [TEST_STEP][PASSED] - callTestCase: Call Test Case 'Test Cases/Common Test Cases/Login' successfully

2018-06-26 12:44:21 - [TEST_CASE][PASSED] - Test Cases/Common Test Cases/Login: Test Cases/Common Test Cases/Login

2018-06-26 12:44:21 - [TEST_STEP][PASSED] - click: Object: 'Object Repository/Page_CuraHomepage/btn_MakeAppointment' is clicked on

2018-06-26 12:44:21 - [MESSAGE][PASSED] - Object: 'Object Repository/Page_CuraHomepage/btn_MakeAppointment' is clicked on

2018-06-26 12:44:21 - [TEST_STEP][PASSED] - setText: Text 'John Doe' is set on object 'Object Repository/Page_Login/txt_UserName'

2018-06-26 12:44:22 - [MESSAGE][PASSED] - Text 'John Doe' is set on object 'Object Repository/Page_Login/txt_UserName'

2018-06-26 12:44:22 - [TEST_STEP][PASSED] - setText: Text 'ThisIsNotAPassword' is set on object 'Object Repository/Page_Login/txt_Password'

2018-06-26 12:44:22 - [MESSAGE][PASSED] - Text 'ThisIsNotAPassword' is set on object 'Object Repository/Page_Login/txt_Password'

2018-06-26 12:44:22 - [TEST_STEP][PASSED] - click: Object: 'Object Repository/Page_Login/btn_Login' is clicked on

2018-06-26 12:44:23 - [MESSAGE][PASSED] - Object: 'Object Repository/Page_Login/btn_Login' is clicked on

2018-06-26 12:44:23 - [TEST_STEP][PASSED] - Statement - landingPage = com.kms.katalon.core.webui.keyword.WebUiBuiltInKeywords.verifyElementPresent(com.kms.katalon.core.testobject.ObjectRepository.findTestObject(Page_CuraAppointment/div_Appointment), G_Timeout): Object 'Object Repository/Page_CuraAppointment/div_Appointment' is present

2018-06-26 12:44:23 - [MESSAGE][PASSED] - Object 'Object Repository/Page_CuraAppointment/div_Appointment' is present

2018-06-26 12:44:23 - [TEST_STEP][PASSED] - openBrowser: Browser is opened with url: ''

2018-06-26 12:44:23 - [MESSAGE][WARNING] - A browser is already opened. Closing browser and opening a new one

2018-06-26 12:44:24 - [MESSAGE][PASSED] - Browser is opened with url: ''

2018-06-26 12:44:24 - [TEST_STEP][PASSED] - navigateToUrl: Navigate to 'https://aga-frontend-development.herokuapp.com/login' successfully

2018-06-26 12:44:31 - [MESSAGE][PASSED] - Navigate to 'https://aga-frontend-development.herokuapp.com/login' successfully

2018-06-26 12:44:31 - [TEST_STEP][PASSED] - click: Object: 'Object Repository/Page_/button_' is clicked on

2018-06-26 12:44:33 - [MESSAGE][PASSED] - Object: 'Object Repository/Page_/button_' is clicked on

2018-06-26 12:44:33 - [TEST_STEP][PASSED] - closeBrowser: Browser is closed

2018-06-26 12:44:33 - [MESSAGE][PASSED] - Browser is closed

2018-06-26 12:44:33 - [MESSAGE][PASSED] - Call Test Case 'Test Cases/Common Test Cases/Login' successfully

2018-06-26 12:44:33 - [TEST_STEP][PASSED] - comment: And Appointment page is displayed

2018-06-26 12:44:33 - [TEST_STEP][FAILED] - Statement - If (true): Unable to select option by label 'Hongkong CURA Healthcare Center' of object 'Object Repository/Page_CuraAppointment/lst_Facility'  (Root cause: com.kms.katalon.core.webui.exception.BrowserNotOpenedException: Browser is not opened
Build info: version: '3.7.1', revision: '8a0099a', time: '2017-11-06T21:07:36.161Z'
System info: host: 'Kostas-MacBook-Pro.local', ip: '192.168.2.135', os.name: 'Mac OS X', os.arch: 'x86_64', os.version: '10.13.2', java.version: '1.8.0_102'
Driver info: driver.version: unknown)

2018-06-26 12:44:33 - [TEST_STEP][FAILED] - selectOptionByLabel: Unable to select option by label 'Hongkong CURA Healthcare Center' of object 'Object Repository/Page_CuraAppointment/lst_Facility'  (Root cause: com.kms.katalon.core.webui.exception.BrowserNotOpenedException: Browser is not opened
Build info: version: '3.7.1', revision: '8a0099a', time: '2017-11-06T21:07:36.161Z'
System info: host: 'Kostas-MacBook-Pro.local', ip: '192.168.2.135', os.name: 'Mac OS X', os.arch: 'x86_64', os.version: '10.13.2', java.version: '1.8.0_102'
Driver info: driver.version: unknown)

2018-06-26 12:44:33 - [MESSAGE][WARNING] - Cannot take screenshot

2018-06-26 12:44:33 - [MESSAGE][FAILED] - Unable to select option by label 'Hongkong CURA Healthcare Center' of object 'Object Repository/Page_CuraAppointment/lst_Facility'  (Root cause: com.kms.katalon.core.webui.exception.BrowserNotOpenedException: Browser is not opened
Build info: version: '3.7.1', revision: '8a0099a', time: '2017-11-06T21:07:36.161Z'
System info: host: 'Kostas-MacBook-Pro.local', ip: '192.168.2.135', os.name: 'Mac OS X', os.arch: 'x86_64', os.version: '10.13.2', java.version: '1.8.0_102'
Driver info: driver.version: unknown)]]></system-out>
         <system-err><![CDATA[2018-06-26 12:44:18 - [TEST_CASE][FAILED] - Test Cases/Main Test Cases/TC2_Verify Successful Appointment: Test Cases/Main Test Cases/TC2_Verify Successful Appointment FAILED because (of) Unable to select option by label 'Hongkong CURA Healthcare Center' of object 'Object Repository/Page_CuraAppointment/lst_Facility'  (Root cause: com.kms.katalon.core.webui.exception.BrowserNotOpenedException: Browser is not opened
Build info: version: '3.7.1', revision: '8a0099a', time: '2017-11-06T21:07:36.161Z'
System info: host: 'Kostas-MacBook-Pro.local', ip: '192.168.2.135', os.name: 'Mac OS X', os.arch: 'x86_64', os.version: '10.13.2', java.version: '1.8.0_102'
Driver info: driver.version: unknown)]]></system-err>
      </testcase>
      <system-out><![CDATA[2018-06-26 12:44:10 - [TEST_SUITE][FAILED] - TS_RegressionTest: Test Cases/Main Test Cases/TC2_Verify Successful Appointment FAILED because (of) Unable to select option by label 'Hongkong CURA Healthcare Center' of object 'Object Repository/Page_CuraAppointment/lst_Facility'  (Root cause: com.kms.katalon.core.webui.exception.BrowserNotOpenedException: Browser is not opened
Build info: version: '3.7.1', revision: '8a0099a', time: '2017-11-06T21:07:36.161Z'
System info: host: 'Kostas-MacBook-Pro.local', ip: '192.168.2.135', os.name: 'Mac OS X', os.arch: 'x86_64', os.version: '10.13.2', java.version: '1.8.0_102'
Driver info: driver.version: unknown)]]></system-out>
      <system-err><![CDATA[2018-06-26 12:44:10 - [TEST_SUITE][FAILED] - TS_RegressionTest: Test Cases/Main Test Cases/TC2_Verify Successful Appointment FAILED because (of) Unable to select option by label 'Hongkong CURA Healthcare Center' of object 'Object Repository/Page_CuraAppointment/lst_Facility'  (Root cause: com.kms.katalon.core.webui.exception.BrowserNotOpenedException: Browser is not opened
Build info: version: '3.7.1', revision: '8a0099a', time: '2017-11-06T21:07:36.161Z'
System info: host: 'Kostas-MacBook-Pro.local', ip: '192.168.2.135', os.name: 'Mac OS X', os.arch: 'x86_64', os.version: '10.13.2', java.version: '1.8.0_102'
Driver info: driver.version: unknown)]]></system-err>
   </testsuite>
</testsuites>
